app/build/outputs/logs/manifest-merger-debug-report.txt
-- Merging decision tree log ---
manifest
ADDED from src\main\AndroidManifest.xml:2:1-14:12
	package
		ADDED from src\main\AndroidManifest.xml:3:11-48
		INJECTED from src\main\AndroidManifest.xml
		INJECTED from src\main\AndroidManifest.xml
	xmlns:android
		ADDED from src\main\AndroidManifest.xml:2:11-69
uses-sdk
ADDED from src\main\AndroidManifest.xml:4:5-43
	android:targetSdkVersion
		INJECTED from src\main\AndroidManifest.xml
		INJECTED from src\main\AndroidManifest.xml
	android:minSdkVersion
		ADDED from src\main\AndroidManifest.xml:4:15-41
		INJECTED from src\main\AndroidManifest.xml
		INJECTED from src\main\AndroidManifest.xml
application
ADDED from src\main\AndroidManifest.xml:5:5-13:19
	android:label
		ADDED from src\main\AndroidManifest.xml:5:48-80
	android:icon
		ADDED from src\main\AndroidManifest.xml:5:18-47
activity#com.alex.MediaPlayerColibri.Player
ADDED from src\main\AndroidManifest.xml:6:9-12:20
	android:label
		ADDED from src\main\AndroidManifest.xml:7:19-51
	android:name
		ADDED from src\main\AndroidManifest.xml:6:19-68
intent-filter#android.intent.action.MAIN+android.intent.category.LAUNCHER
ADDED from src\main\AndroidManifest.xml:8:13-11:29
action#android.intent.action.MAIN
ADDED from src\main\AndroidManifest.xml:9:17-68
	android:name
		ADDED from src\main\AndroidManifest.xml:9:25-66
category#android.intent.category.LAUNCHER
ADDED from src\main\AndroidManifest.xml:10:17-76
	android:name
		ADDED from src\main\AndroidManifest.xml:10:27-74